<?xml version="1.0" encoding="UTF-8"?>
<testng-results skipped="0" failed="0" ignored="0" total="1" passed="1">
  <reporter-output>
  </reporter-output>
  <suite name="Suite" duration-ms="42" started-at="2018-08-12T14:31:40Z" finished-at="2018-08-12T14:31:40Z">
    <groups>
    </groups>
    <test name="Test" duration-ms="42" started-at="2018-08-12T14:31:40Z" finished-at="2018-08-12T14:31:40Z">
      <class name="samplemaven.Test1">
        <test-method status="PASS" signature="f()[pri:0, instance:samplemaven.Test1@5b275dab]" name="f" duration-ms="8" started-at="2018-08-12T20:01:40Z" finished-at="2018-08-12T20:01:40Z">
          <reporter-output>
          </reporter-output>
        </test-method> <!-- f -->
      </class> <!-- samplemaven.Test1 -->
    </test> <!-- Test -->
  </suite> <!-- Suite -->
</testng-results>
